Using pre-set license
Built from '2020.2/staging' branch; Version is '2020.2.5f1 (e2c53f129de5) revision 14861631'; Using compiler version '192528614'; Build Type 'Release'
OS: 'Windows 10 Education; OS build 18363.1379; Version 1909; 64bit' Language: 'pl' Physical Memory: 16332 MB
BatchMode: 1, IsHumanControllingUs: 0, StartBugReporterOnCrash: 0, Is64bit: 1, IsPro: 0

 COMMAND LINE ARGUMENTS:
C:\Unity Versions\2020.2.5f1\Editor\Unity.exe
-adb2
-batchMode
-noUpm
-name
AssetImportWorker0
-projectPath
C:/Unity Projects/Laboratorium5
-logFile
Logs/AssetImportWorker0.log
-srvPort
53797
Successfully changed project path to: C:/Unity Projects/Laboratorium5
C:/Unity Projects/Laboratorium5
Using Asset Import Pipeline V2.
Refreshing native plugins compatible for Editor in 83.60 ms, found 2 plugins.
Preloading 0 native plugins for Editor in 0.00 ms.
Initialize engine version: 2020.2.5f1 (e2c53f129de5)
[Subsystems] Discovering subsystems at path C:/Unity Versions/2020.2.5f1/Editor/Data/Resources/UnitySubsystems
[Subsystems] Discovering subsystems at path C:/Unity Projects/Laboratorium5/Assets
GfxDevice: creating device client; threaded=0
Direct3D:
    Version:  Direct3D 11.0 [level 11.1]
    Renderer: AMD Radeon R9 200 Series (ID=0x67b1)
    Vendor:   
    VRAM:     4072 MB
    Driver:   26.20.15019.19000
Shader 'Universal Render Pipeline/Particles/Lit': fallback shader 'Universal Render Pipeline/Particles/SimpleLit' not found
Initialize mono
Mono path[0] = 'C:/Unity Versions/2020.2.5f1/Editor/Data/Managed'
Mono path[1] = 'C:/Unity Versions/2020.2.5f1/Editor/Data/MonoBleedingEdge/lib/mono/unityjit'
Mono config path = 'C:/Unity Versions/2020.2.5f1/Editor/Data/MonoBleedingEdge/etc'
Using monoOptions --debugger-agent=transport=dt_socket,embedding=1,server=y,suspend=n,address=127.0.0.1:56348
Begin MonoManager ReloadAssembly
Registering precompiled unity dll's ...
Register platform support module: C:/Unity Versions/2020.2.5f1/Editor/Data/PlaybackEngines/WindowsStandaloneSupport/UnityEditor.WindowsStandalone.Extensions.dll
Registered in 0.002892 seconds.
Native extension for WindowsStandalone target not found
Refreshing native plugins compatible for Editor in 69.82 ms, found 2 plugins.
Preloading 0 native plugins for Editor in 0.00 ms.
Invoked RoslynAnalysisRunner static constructor.
RoslynAnalysisRunner will not be running.
RoslynAnalysisRunner has terminated.
Mono: successfully reloaded assembly
- Completed reload, in  2.206 seconds
Platform modules already initialized, skipping
Registering precompiled user dll's ...
Registered in 0.007888 seconds.
Begin MonoManager ReloadAssembly
Native extension for WindowsStandalone target not found
Refreshing native plugins compatible for Editor in 67.76 ms, found 2 plugins.
Preloading 0 native plugins for Editor in 0.00 ms.
Invoked RoslynAnalysisRunner static constructor.
RoslynAnalysisRunner will not be running.
RoslynAnalysisRunner has terminated.
RefreshInfo: StopAssetImportingV2(NoUpdateAssetOptions) scanfilter: 
RefreshProfiler: Total: 0.000ms
Mono: successfully reloaded assembly
- Completed reload, in  1.123 seconds
Platform modules already initialized, skipping
========================================================================
Worker process is ready to serve import requests
Shader 'Universal Render Pipeline/Particles/Lit': fallback shader 'Universal Render Pipeline/Particles/SimpleLit' not found
Launched and connected shader compiler UnityShaderCompiler.exe after 0.05 seconds
Refreshing native plugins compatible for Editor in 1.09 ms, found 2 plugins.
Preloading 0 native plugins for Editor in 0.00 ms.
Unloading 1 Unused Serialized files (Serialized files now loaded: 0)
System memory in use before: 61.6 MB.
System memory in use after: 61.9 MB.

Unloading 67 unused Assets to reduce memory usage. Loaded Objects now: 2929.
Total: 2.796500 ms (FindLiveObjects: 0.298600 ms CreateObjectMapping: 0.146300 ms MarkObjects: 2.244100 ms  DeleteObjects: 0.106300 ms)

========================================================================
Received Import Request.
  path: Assets/BATOSZ PTAK 17783/FMOD/FirstPersonControllerFMOD.cs
  artifactKey: Guid(5836cd29f36ea5c4eb8e865bc7666de1) Importer(815301076,1909f56bfc062723c751e8b465ee728b)
Start importing Assets/BATOSZ PTAK 17783/FMOD/FirstPersonControllerFMOD.cs using Guid(5836cd29f36ea5c4eb8e865bc7666de1) Importer(815301076,1909f56bfc062723c751e8b465ee728b)  -> (artifact id: '9eb36d3b9a315a5100edb4c4ee98eb26') in 0.050597 seconds
  Import took 0.054962 seconds .

========================================================================
Received Prepare
Registering precompiled user dll's ...
Registered in 0.006551 seconds.
Begin MonoManager ReloadAssembly
Native extension for WindowsStandalone target not found
Refreshing native plugins compatible for Editor in 1.00 ms, found 2 plugins.
Preloading 0 native plugins for Editor in 0.00 ms.
Invoked RoslynAnalysisRunner static constructor.
RoslynAnalysisRunner will not be running.
RoslynAnalysisRunner has terminated.
RefreshInfo: StopAssetImportingV2(NoUpdateAssetOptions) scanfilter: 
RefreshProfiler: Total: 0.000ms
Mono: successfully reloaded assembly
- Completed reload, in  0.974 seconds
Platform modules already initialized, skipping
Shader 'Universal Render Pipeline/Particles/Lit': fallback shader 'Universal Render Pipeline/Particles/SimpleLit' not found
Refreshing native plugins compatible for Editor in 1.05 ms, found 2 plugins.
Preloading 0 native plugins for Editor in 0.00 ms.
Unloading 796 Unused Serialized files (Serialized files now loaded: 0)
System memory in use before: 77.4 MB.
System memory in use after: 77.7 MB.

Unloading 67 unused Assets to reduce memory usage. Loaded Objects now: 2926.
Total: 2.883000 ms (FindLiveObjects: 0.281000 ms CreateObjectMapping: 0.104600 ms MarkObjects: 2.427700 ms  DeleteObjects: 0.068100 ms)

========================================================================
Received Prepare
Registering precompiled user dll's ...
Registered in 0.006627 seconds.
Begin MonoManager ReloadAssembly
Native extension for WindowsStandalone target not found
Refreshing native plugins compatible for Editor in 1.35 ms, found 2 plugins.
Preloading 0 native plugins for Editor in 0.00 ms.
Invoked RoslynAnalysisRunner static constructor.
RoslynAnalysisRunner will not be running.
RoslynAnalysisRunner has terminated.
RefreshInfo: StopAssetImportingV2(NoUpdateAssetOptions) scanfilter: 
RefreshProfiler: Total: 0.000ms
Mono: successfully reloaded assembly
- Completed reload, in  0.963 seconds
Platform modules already initialized, skipping
Shader 'Universal Render Pipeline/Particles/Lit': fallback shader 'Universal Render Pipeline/Particles/SimpleLit' not found
Refreshing native plugins compatible for Editor in 1.12 ms, found 2 plugins.
Preloading 0 native plugins for Editor in 0.00 ms.
Unloading 801 Unused Serialized files (Serialized files now loaded: 0)
System memory in use before: 77.6 MB.
System memory in use after: 77.8 MB.

Unloading 62 unused Assets to reduce memory usage. Loaded Objects now: 2933.
Total: 2.248200 ms (FindLiveObjects: 0.298500 ms CreateObjectMapping: 0.125000 ms MarkObjects: 1.778200 ms  DeleteObjects: 0.045300 ms)

========================================================================
Received Prepare
Registering precompiled user dll's ...
Registered in 0.007490 seconds.
Begin MonoManager ReloadAssembly
Native extension for WindowsStandalone target not found
Refreshing native plugins compatible for Editor in 1.09 ms, found 2 plugins.
Preloading 0 native plugins for Editor in 0.00 ms.
Invoked RoslynAnalysisRunner static constructor.
RoslynAnalysisRunner will not be running.
RoslynAnalysisRunner has terminated.
RefreshInfo: StopAssetImportingV2(NoUpdateAssetOptions) scanfilter: 
RefreshProfiler: Total: 0.000ms
Mono: successfully reloaded assembly
- Completed reload, in  1.612 seconds
Platform modules already initialized, skipping
Shader 'Universal Render Pipeline/Particles/Lit': fallback shader 'Universal Render Pipeline/Particles/SimpleLit' not found
Refreshing native plugins compatible for Editor in 1.16 ms, found 2 plugins.
Preloading 0 native plugins for Editor in 0.00 ms.
Unloading 801 Unused Serialized files (Serialized files now loaded: 0)
System memory in use before: 77.6 MB.
System memory in use after: 77.8 MB.

Unloading 62 unused Assets to reduce memory usage. Loaded Objects now: 2935.
Total: 2.354500 ms (FindLiveObjects: 0.252400 ms CreateObjectMapping: 0.109700 ms MarkObjects: 1.956900 ms  DeleteObjects: 0.034200 ms)

========================================================================
Received Import Request.
  Time since last request: 67.457274 seconds.
  path: Assets/BATOSZ PTAK 17783/Scenes/outpost on desert.unity
  artifactKey: Guid(b42ca4c5c936383429d2318c931f7ad2) Importer(815301076,1909f56bfc062723c751e8b465ee728b)
Start importing Assets/BATOSZ PTAK 17783/Scenes/outpost on desert.unity using Guid(b42ca4c5c936383429d2318c931f7ad2) Importer(815301076,1909f56bfc062723c751e8b465ee728b)  -> (artifact id: 'a4f3edc45109cb37c15944cd539d2668') in 0.021029 seconds
  Import took 0.025381 seconds .

========================================================================
Received Import Request.
  Time since last request: 0.554498 seconds.
  path: Assets/BATOSZ PTAK 17783/Scenes/cave.unity
  artifactKey: Guid(94552ce546889c34f9658dc37aa1c74a) Importer(815301076,1909f56bfc062723c751e8b465ee728b)
Start importing Assets/BATOSZ PTAK 17783/Scenes/cave.unity using Guid(94552ce546889c34f9658dc37aa1c74a) Importer(815301076,1909f56bfc062723c751e8b465ee728b)  -> (artifact id: 'acfd1b943caa1e72d7f0c42eb42b9384') in 0.012388 seconds
  Import took 0.017840 seconds .

========================================================================
Received Prepare
Registering precompiled user dll's ...
Registered in 0.007281 seconds.
Begin MonoManager ReloadAssembly
Native extension for WindowsStandalone target not found
Refreshing native plugins compatible for Editor in 1.01 ms, found 2 plugins.
Preloading 0 native plugins for Editor in 0.00 ms.
Invoked RoslynAnalysisRunner static constructor.
RoslynAnalysisRunner will not be running.
RoslynAnalysisRunner has terminated.
RefreshInfo: StopAssetImportingV2(NoUpdateAssetOptions) scanfilter: 
RefreshProfiler: Total: 0.000ms
Mono: successfully reloaded assembly
- Completed reload, in  1.033 seconds
Platform modules already initialized, skipping
Shader 'Universal Render Pipeline/Particles/Lit': fallback shader 'Universal Render Pipeline/Particles/SimpleLit' not found
Refreshing native plugins compatible for Editor in 0.99 ms, found 2 plugins.
Preloading 0 native plugins for Editor in 0.00 ms.
Unloading 801 Unused Serialized files (Serialized files now loaded: 0)
System memory in use before: 77.6 MB.
System memory in use after: 77.9 MB.

Unloading 62 unused Assets to reduce memory usage. Loaded Objects now: 2937.
Total: 2.127700 ms (FindLiveObjects: 0.237400 ms CreateObjectMapping: 0.093200 ms MarkObjects: 1.764000 ms  DeleteObjects: 0.032100 ms)

========================================================================
Received Prepare
Registering precompiled user dll's ...
Registered in 0.008850 seconds.
Begin MonoManager ReloadAssembly
Native extension for WindowsStandalone target not found
Refreshing native plugins compatible for Editor in 1.40 ms, found 2 plugins.
Preloading 0 native plugins for Editor in 0.00 ms.
Invoked RoslynAnalysisRunner static constructor.
RoslynAnalysisRunner will not be running.
RoslynAnalysisRunner has terminated.
RefreshInfo: StopAssetImportingV2(NoUpdateAssetOptions) scanfilter: 
RefreshProfiler: Total: 0.000ms
Mono: successfully reloaded assembly
- Completed reload, in  1.384 seconds
Platform modules already initialized, skipping
Shader 'Universal Render Pipeline/Particles/Lit': fallback shader 'Universal Render Pipeline/Particles/SimpleLit' not found
Refreshing native plugins compatible for Editor in 1.09 ms, found 2 plugins.
Preloading 0 native plugins for Editor in 0.00 ms.
Unloading 801 Unused Serialized files (Serialized files now loaded: 0)
System memory in use before: 77.5 MB.
System memory in use after: 77.8 MB.

Unloading 62 unused Assets to reduce memory usage. Loaded Objects now: 2939.
Total: 3.856100 ms (FindLiveObjects: 0.929300 ms CreateObjectMapping: 0.431200 ms MarkObjects: 2.456700 ms  DeleteObjects: 0.036700 ms)

========================================================================
Received Prepare
Registering precompiled user dll's ...
Registered in 0.007271 seconds.
Begin MonoManager ReloadAssembly
Native extension for WindowsStandalone target not found
Refreshing native plugins compatible for Editor in 0.99 ms, found 2 plugins.
Preloading 0 native plugins for Editor in 0.00 ms.
Invoked RoslynAnalysisRunner static constructor.
RoslynAnalysisRunner will not be running.
RoslynAnalysisRunner has terminated.
RefreshInfo: StopAssetImportingV2(NoUpdateAssetOptions) scanfilter: 
RefreshProfiler: Total: 0.000ms
Mono: successfully reloaded assembly
- Completed reload, in  1.176 seconds
Platform modules already initialized, skipping
Shader 'Universal Render Pipeline/Particles/Lit': fallback shader 'Universal Render Pipeline/Particles/SimpleLit' not found
Refreshing native plugins compatible for Editor in 1.01 ms, found 2 plugins.
Preloading 0 native plugins for Editor in 0.00 ms.
Unloading 801 Unused Serialized files (Serialized files now loaded: 0)
System memory in use before: 77.6 MB.
System memory in use after: 77.9 MB.

Unloading 62 unused Assets to reduce memory usage. Loaded Objects now: 2941.
Total: 3.125300 ms (FindLiveObjects: 0.244400 ms CreateObjectMapping: 0.094900 ms MarkObjects: 2.746400 ms  DeleteObjects: 0.037900 ms)

